Shuffling iteration 0: 1.61197e+13
Shuffling iteration 2: 1.61196e+13
Shuffling iteration 4: 1.61188e+13
Shuffling iteration 6: 1.61186e+13
Shuffling iteration 8: 1.61189e+13
Shuffling iteration 10: 1.61188e+13
Shuffling iteration 12: 1.61186e+13
Shuffling iteration 14: 1.61185e+13
Shuffling iteration 16: 1.61183e+13
Shuffling iteration 18: 1.6118e+13
Shuffling iteration 20: 1.61177e+13
Shuffling iteration 22: 1.61175e+13
Shuffling iteration 24: 1.61173e+13
Shuffling iteration 26: 1.61171e+13
Shuffling iteration 28: 1.61169e+13
Shuffling iteration 30: 1.61167e+13
Shuffling iteration 32: 1.61166e+13
Shuffling iteration 34: 1.61165e+13
Shuffling iteration 36: 1.61163e+13
Shuffling iteration 38: 1.6116e+13
Shuffling iteration 40: 1.61157e+13
Shuffling iteration 42: 1.61155e+13
Shuffling iteration 44: 1.61152e+13
Shuffling iteration 46: 1.61149e+13
Shuffling iteration 48: 1.61147e+13
Shuffling iteration 50: 1.61145e+13
Shuffling iteration 52: 1.61144e+13
Shuffling iteration 54: 1.61142e+13
Shuffling iteration 56: 1.6114e+13
Shuffling iteration 58: 1.61139e+13
Shuffling iteration 60: 1.61137e+13
Shuffling iteration 62: 1.61135e+13
Shuffling iteration 64: 1.61133e+13
Shuffling iteration 66: 1.61132e+13
Shuffling iteration 68: 1.61129e+13
Shuffling iteration 70: 1.61127e+13
Shuffling iteration 72: 1.61125e+13
Shuffling iteration 74: 1.61123e+13
Shuffling iteration 76: 1.61122e+13
Shuffling iteration 78: 1.61121e+13
Shuffling iteration 80: 1.61119e+13
Shuffling iteration 82: 1.61118e+13
Shuffling iteration 84: 1.61117e+13
Shuffling iteration 86: 1.61116e+13
Shuffling iteration 88: 1.61115e+13
Shuffling iteration 90: 1.61114e+13
Shuffling iteration 92: 1.61114e+13
Shuffling iteration 94: 1.61113e+13
Shuffling iteration 96: 1.61112e+13
Shuffling iteration 98: 1.61112e+13
Shuffling iteration 100: 1.61111e+13
Shuffling iteration 102: 1.6111e+13
Shuffling iteration 104: 1.61109e+13
Shuffling iteration 106: 1.61109e+13
Shuffling iteration 108: 1.61108e+13
Shuffling iteration 110: 1.61107e+13
Shuffling iteration 112: 1.61106e+13
Shuffling iteration 114: 1.61105e+13
Shuffling iteration 116: 1.61104e+13
Shuffling iteration 118: 1.61103e+13
Shuffling iteration 120: 1.61102e+13
Shuffling iteration 122: 1.61101e+13
Shuffling iteration 124: 1.611e+13
Shuffling iteration 126: 1.61098e+13
Shuffling iteration 128: 1.61096e+13
Shuffling iteration 130: 1.61095e+13
Shuffling iteration 132: 1.61093e+13
Shuffling iteration 134: 1.61092e+13
Shuffling iteration 136: 1.6109e+13
Shuffling iteration 138: 1.61089e+13
Shuffling iteration 140: 1.61088e+13
Shuffling iteration 142: 1.61087e+13
Shuffling iteration 144: 1.61085e+13
Shuffling iteration 146: 1.61084e+13
Shuffling iteration 148: 1.61083e+13
Shuffling iteration 150: 1.61082e+13
Shuffling iteration 152: 1.61081e+13
Shuffling iteration 154: 1.6108e+13
Shuffling iteration 156: 1.61079e+13
Shuffling iteration 158: 1.61078e+13
Shuffling iteration 160: 1.61077e+13
Shuffling iteration 162: 1.61076e+13
Shuffling iteration 164: 1.61076e+13
Shuffling iteration 166: 1.61075e+13
Shuffling iteration 168: 1.61074e+13
Shuffling iteration 170: 1.61073e+13
Shuffling iteration 172: 1.61072e+13
Shuffling iteration 174: 1.61071e+13
Shuffling iteration 176: 1.61071e+13
Shuffling iteration 178: 1.6107e+13
Shuffling iteration 180: 1.61069e+13
Shuffling iteration 182: 1.61068e+13
Shuffling iteration 184: 1.61068e+13
Shuffling iteration 186: 1.61067e+13
Shuffling iteration 188: 1.61067e+13
Shuffling iteration 190: 1.61066e+13
Shuffling iteration 192: 1.61065e+13
Shuffling iteration 194: 1.61065e+13
Shuffling iteration 196: 1.61064e+13
Shuffling iteration 198: 1.61064e+13
Shuffling iteration 200: 1.61063e+13
Shuffling iteration 202: 1.61063e+13
Shuffling iteration 204: 1.61062e+13
Shuffling iteration 206: 1.61062e+13
Shuffling iteration 208: 1.61062e+13
Shuffling iteration 210: 1.61061e+13
Shuffling iteration 212: 1.61061e+13
Shuffling iteration 214: 1.6106e+13
Shuffling iteration 216: 1.6106e+13
Shuffling iteration 218: 1.61059e+13
Shuffling iteration 220: 1.61059e+13
Shuffling iteration 222: 1.61058e+13
Shuffling iteration 224: 1.61057e+13
Shuffling iteration 226: 1.61057e+13
Shuffling iteration 228: 1.61056e+13
Shuffling iteration 230: 1.61056e+13
Shuffling iteration 232: 1.61055e+13
Shuffling iteration 234: 1.61055e+13
Shuffling iteration 236: 1.61054e+13
Shuffling iteration 238: 1.61053e+13
Shuffling iteration 240: 1.61053e+13
Shuffling iteration 242: 1.61052e+13
Shuffling iteration 244: 1.61052e+13
Shuffling iteration 246: 1.61051e+13
Shuffling iteration 248: 1.61051e+13
Shuffling iteration 250: 1.6105e+13
Shuffling iteration 252: 1.61049e+13
Shuffling iteration 254: 1.61048e+13
Shuffling iteration 256: 1.61048e+13
Shuffling iteration 258: 1.61048e+13
Shuffling iteration 260: 1.61047e+13
Shuffling iteration 262: 1.61047e+13
Shuffling iteration 264: 1.61046e+13
Shuffling iteration 266: 1.61046e+13
Shuffling iteration 268: 1.61045e+13
Shuffling iteration 270: 1.61045e+13
Shuffling iteration 272: 1.61045e+13
Shuffling iteration 274: 1.61044e+13
Shuffling iteration 276: 1.61044e+13
Shuffling iteration 278: 1.61043e+13
Shuffling iteration 280: 1.61043e+13
Shuffling iteration 282: 1.61043e+13
Shuffling iteration 284: 1.61042e+13
Shuffling iteration 286: 1.61042e+13
Shuffling iteration 288: 1.61041e+13
Shuffling iteration 290: 1.61041e+13
Shuffling iteration 292: 1.6104e+13
Shuffling iteration 294: 1.6104e+13
Shuffling iteration 296: 1.61039e+13
Shuffling iteration 298: 1.61039e+13
Shuffling iteration 300: 1.61038e+13
Shuffling iteration 302: 1.61038e+13
Shuffling iteration 304: 1.61037e+13
Shuffling iteration 306: 1.61037e+13
Shuffling iteration 308: 1.61036e+13
Shuffling iteration 310: 1.61036e+13
Shuffling iteration 312: 1.61036e+13
Shuffling iteration 314: 1.61035e+13
Shuffling iteration 316: 1.61035e+13
Shuffling iteration 318: 1.61034e+13
Shuffling iteration 320: 1.61034e+13
Shuffling iteration 322: 1.61033e+13
Shuffling iteration 324: 1.61033e+13
Shuffling iteration 326: 1.61032e+13
Shuffling iteration 328: 1.61032e+13
Shuffling iteration 330: 1.61031e+13
Shuffling iteration 332: 1.61031e+13
Shuffling iteration 334: 1.61031e+13
Shuffling iteration 336: 1.6103e+13
Shuffling iteration 338: 1.6103e+13
Shuffling iteration 340: 1.61029e+13
Shuffling iteration 342: 1.61029e+13
Shuffling iteration 344: 1.61028e+13
Shuffling iteration 346: 1.61028e+13
Shuffling iteration 348: 1.61028e+13
Shuffling iteration 350: 1.61027e+13
Shuffling iteration 352: 1.61027e+13
Shuffling iteration 354: 1.61026e+13
Shuffling iteration 356: 1.61026e+13
Shuffling iteration 358: 1.61026e+13
Shuffling iteration 360: 1.61025e+13
Shuffling iteration 362: 1.61025e+13
Shuffling iteration 364: 1.61024e+13
Shuffling iteration 366: 1.61024e+13
Shuffling iteration 368: 1.61023e+13
Symbolic links created successfully.
Rows: 1795099 - Non Zero: 24213074
Rows: 1744377 - Non Zero: 24213081
Rows: 1742786 - Non Zero: 24213080
Rows: 1742829 - Non Zero: 24213074
Rows: 1742908 - Non Zero: 24213072
Rows: 1742914 - Non Zero: 24213078
Rows: 1742920 - Non Zero: 24213084
Rows: 1742990 - Non Zero: 24213070
Rows: 1742959 - Non Zero: 24213071
Rows: 1742924 - Non Zero: 24213088
Rows: 1742912 - Non Zero: 24213076
Rows: 1742908 - Non Zero: 24213072
Rows: 1742830 - Non Zero: 24213075
Rows: 1742783 - Non Zero: 24213077
Rows: 1744377 - Non Zero: 24213081
Rows: 1795084 - Non Zero: 24212823
Make csrs
Make csrs
Computing bitmap
Matrix size: 27993600-1742914
Section width: 218700
Drop percentage: 0.960938
Computing bitmap
Matrix size: 27993600-1742990
Section width: 218700
Drop percentage: 0.960938
Make csrs
Computing bitmap
Matrix size: 27993600-1742924
Section width: 218700
Drop percentage: 0.960938
Make csrs
Computing bitmap
Matrix size: 27993600-1742959
Section width: 218700
Drop percentage: 0.960938
Make csrs
Computing bitmap
Matrix size: 27993600-1744377
Section width: 218700
Drop percentage: 0.9375
Make csrs
Computing bitmap
Matrix size: 27993600-1742786
Section width: 218700
Drop percentage: 0.953125
Make csrs
Computing bitmap
Matrix size: 27993600-1795084
Section width: 218700
Drop percentage: 0.953125
Make csrs
Computing bitmap
Matrix size: 27993600-1742829
Section width: 218700
Drop percentage: 0.960938
Make csrs
Computing bitmap
Matrix size: 27993600-1744377
Section width: 218700
Drop percentage: 0.945312
Make csrs
Computing bitmap
Matrix size: 27993600-1742830
Section width: 218700
Drop percentage: 0.960938
Make csrs
Computing bitmap
Matrix size: 27993600-1742783
Section width: 218700
Drop percentage: 0.960938
Make csrs
Computing bitmap
Matrix size: 27993600-1742920
Section width: 218700
Drop percentage: 0.960938
Make csrs
Computing bitmap
Matrix size: 27993600-1742908
Section width: 218700
Drop percentage: 0.960938
Make csrs
Computing bitmap
Matrix size: 27993600-1742912
Section width: 218700
Drop percentage: 0.960938
Make csrs
Computing bitmap
Matrix size: 27993600-1742908
Section width: 218700
Drop percentage: 0.960938
Make csrs
Computing bitmap
Matrix size: 27993600-1795099
Section width: 218700
Drop percentage: 0.953125


Batch Job Summary Report (version 21.01.1) for Job "wrap" (58754317) on daint

Job information (1/2)
-----------------------------------------------------------------------------------------------------
             Submit            Eligible               Start                 End    Elapsed Time limit
------------------- ------------------- ------------------- ------------------- ---------- ----------
2024-12-07T18:52:33 2024-12-07T18:52:33 2024-12-08T03:30:40 2024-12-08T05:36:30   02:05:50   03:00:00
-----------------------------------------------------------------------------------------------------

Job information (2/2)
-------------------------------------------------------------
    Username      Account    Partition   NNodes        Energy
------------ ------------ ------------ -------- -------------
    ltagliav          g34       normal       16  13723.018 kJ

