Shuffling iteration 0: 5.37683e+12
Shuffling iteration 2: 5.37754e+12
Shuffling iteration 4: 5.37831e+12
Shuffling iteration 6: 5.37882e+12
Shuffling iteration 8: 5.3789e+12
Shuffling iteration 10: 5.37907e+12
Shuffling iteration 12: 5.37912e+12
Shuffling iteration 14: 5.37917e+12
Shuffling iteration 16: 5.37924e+12
Shuffling iteration 18: 5.37926e+12
Shuffling iteration 20: 5.37928e+12
Shuffling iteration 22: 5.37932e+12
Shuffling iteration 24: 5.37935e+12
Shuffling iteration 26: 5.37933e+12
Shuffling iteration 28: 5.37926e+12
Shuffling iteration 30: 5.37922e+12
Shuffling iteration 32: 5.37918e+12
Shuffling iteration 34: 5.37913e+12
Shuffling iteration 36: 5.37907e+12
Shuffling iteration 38: 5.37903e+12
Shuffling iteration 40: 5.37902e+12
Shuffling iteration 42: 5.37903e+12
Shuffling iteration 44: 5.37901e+12
Shuffling iteration 46: 5.379e+12
Shuffling iteration 48: 5.379e+12
Shuffling iteration 50: 5.37901e+12
Shuffling iteration 52: 5.37902e+12
Shuffling iteration 54: 5.37903e+12
Shuffling iteration 56: 5.37901e+12
Shuffling iteration 58: 5.37898e+12
Shuffling iteration 60: 5.37895e+12
Shuffling iteration 62: 5.37891e+12
Shuffling iteration 64: 5.37889e+12
Shuffling iteration 66: 5.37887e+12
Shuffling iteration 68: 5.37885e+12
Shuffling iteration 70: 5.37882e+12
Shuffling iteration 72: 5.37879e+12
Shuffling iteration 74: 5.37874e+12
Shuffling iteration 76: 5.37869e+12
Shuffling iteration 78: 5.37864e+12
Shuffling iteration 80: 5.3786e+12
Shuffling iteration 82: 5.37857e+12
Shuffling iteration 84: 5.37855e+12
Shuffling iteration 86: 5.37852e+12
Shuffling iteration 88: 5.37848e+12
Shuffling iteration 90: 5.37844e+12
Shuffling iteration 92: 5.37841e+12
Shuffling iteration 94: 5.37838e+12
Shuffling iteration 96: 5.37835e+12
Shuffling iteration 98: 5.37832e+12
Shuffling iteration 100: 5.37829e+12
Shuffling iteration 102: 5.37827e+12
Shuffling iteration 104: 5.37825e+12
Shuffling iteration 106: 5.37821e+12
Shuffling iteration 108: 5.37819e+12
Shuffling iteration 110: 5.37816e+12
Shuffling iteration 112: 5.37814e+12
Shuffling iteration 114: 5.37811e+12
Shuffling iteration 116: 5.3781e+12
Shuffling iteration 118: 5.37807e+12
Shuffling iteration 120: 5.37806e+12
Shuffling iteration 122: 5.37805e+12
Shuffling iteration 124: 5.37804e+12
Shuffling iteration 126: 5.37803e+12
Shuffling iteration 128: 5.37802e+12
Shuffling iteration 130: 5.378e+12
Shuffling iteration 132: 5.37798e+12
Shuffling iteration 134: 5.37795e+12
Shuffling iteration 136: 5.37793e+12
Shuffling iteration 138: 5.37791e+12
Shuffling iteration 140: 5.37789e+12
Shuffling iteration 142: 5.37787e+12
Shuffling iteration 144: 5.37783e+12
Shuffling iteration 146: 5.37781e+12
Shuffling iteration 148: 5.37778e+12
Shuffling iteration 150: 5.37776e+12
Shuffling iteration 152: 5.37774e+12
Shuffling iteration 154: 5.37771e+12
Shuffling iteration 156: 5.37769e+12
Shuffling iteration 158: 5.37768e+12
Shuffling iteration 160: 5.37766e+12
Shuffling iteration 162: 5.37764e+12
Shuffling iteration 164: 5.37762e+12
Shuffling iteration 166: 5.37762e+12
Shuffling iteration 168: 5.37761e+12
Shuffling iteration 170: 5.37759e+12
Shuffling iteration 172: 5.37757e+12
Shuffling iteration 174: 5.37756e+12
Shuffling iteration 176: 5.37753e+12
Shuffling iteration 178: 5.37752e+12
Shuffling iteration 180: 5.3775e+12
Shuffling iteration 182: 5.37748e+12
Shuffling iteration 184: 5.37747e+12
Shuffling iteration 186: 5.37745e+12
Shuffling iteration 188: 5.37743e+12
Shuffling iteration 190: 5.37741e+12
Shuffling iteration 192: 5.3774e+12
Shuffling iteration 194: 5.37739e+12
Shuffling iteration 196: 5.37737e+12
Shuffling iteration 198: 5.37735e+12
Shuffling iteration 200: 5.37734e+12
Shuffling iteration 202: 5.37732e+12
Shuffling iteration 204: 5.3773e+12
Shuffling iteration 206: 5.37729e+12
Shuffling iteration 208: 5.37728e+12
Shuffling iteration 210: 5.37726e+12
Shuffling iteration 212: 5.37724e+12
Shuffling iteration 214: 5.37722e+12
Shuffling iteration 216: 5.37721e+12
Shuffling iteration 218: 5.3772e+12
Shuffling iteration 220: 5.37718e+12
Shuffling iteration 222: 5.37715e+12
Shuffling iteration 224: 5.37713e+12
Shuffling iteration 226: 5.37712e+12
Shuffling iteration 228: 5.37709e+12
Shuffling iteration 230: 5.37707e+12
Shuffling iteration 232: 5.37707e+12
Shuffling iteration 234: 5.37704e+12
Shuffling iteration 236: 5.37702e+12
Shuffling iteration 238: 5.377e+12
Shuffling iteration 240: 5.37698e+12
Shuffling iteration 242: 5.37697e+12
Shuffling iteration 244: 5.37695e+12
Shuffling iteration 246: 5.37693e+12
Shuffling iteration 248: 5.37691e+12
Shuffling iteration 250: 5.3769e+12
Shuffling iteration 252: 5.37688e+12
Shuffling iteration 254: 5.37686e+12
Shuffling iteration 256: 5.37684e+12
Shuffling iteration 258: 5.37683e+12
Shuffling iteration 260: 5.3768e+12
Shuffling iteration 262: 5.37678e+12
Shuffling iteration 264: 5.37677e+12
Shuffling iteration 266: 5.37676e+12
Shuffling iteration 268: 5.37673e+12
Shuffling iteration 270: 5.37672e+12
Shuffling iteration 272: 5.3767e+12
Shuffling iteration 274: 5.37669e+12
Shuffling iteration 276: 5.37668e+12
Shuffling iteration 278: 5.37667e+12
Shuffling iteration 280: 5.37666e+12
Shuffling iteration 282: 5.37664e+12
Shuffling iteration 284: 5.37663e+12
Shuffling iteration 286: 5.37662e+12
Shuffling iteration 288: 5.3766e+12
Shuffling iteration 290: 5.37659e+12
Shuffling iteration 292: 5.37658e+12
Shuffling iteration 294: 5.37657e+12
Shuffling iteration 296: 5.37656e+12
Shuffling iteration 298: 5.37655e+12
Shuffling iteration 300: 5.37654e+12
Shuffling iteration 302: 5.37653e+12
Shuffling iteration 304: 5.37652e+12
Shuffling iteration 306: 5.3765e+12
Shuffling iteration 308: 5.37648e+12
Shuffling iteration 310: 5.37647e+12
Shuffling iteration 312: 5.37645e+12
Shuffling iteration 314: 5.37644e+12
Shuffling iteration 316: 5.37642e+12
Shuffling iteration 318: 5.37642e+12
Shuffling iteration 320: 5.3764e+12
Shuffling iteration 322: 5.37639e+12
Shuffling iteration 324: 5.37638e+12
Shuffling iteration 326: 5.37636e+12
Shuffling iteration 328: 5.37634e+12
Shuffling iteration 330: 5.37634e+12
Shuffling iteration 332: 5.37633e+12
Shuffling iteration 334: 5.37631e+12
Shuffling iteration 336: 5.3763e+12
Shuffling iteration 338: 5.37629e+12
Shuffling iteration 340: 5.37627e+12
Shuffling iteration 342: 5.37626e+12
Shuffling iteration 344: 5.37625e+12
Shuffling iteration 346: 5.37624e+12
Shuffling iteration 348: 5.37622e+12
Shuffling iteration 350: 5.37621e+12
Shuffling iteration 352: 5.3762e+12
Shuffling iteration 354: 5.37619e+12
Shuffling iteration 356: 5.37617e+12
Shuffling iteration 358: 5.37616e+12
Shuffling iteration 360: 5.37614e+12
Shuffling iteration 362: 5.37614e+12
Shuffling iteration 364: 5.37612e+12
Shuffling iteration 366: 5.37611e+12
Shuffling iteration 368: 5.3761e+12
Shuffling iteration 370: 5.37608e+12
Shuffling iteration 372: 5.37607e+12
Shuffling iteration 374: 5.37607e+12
Shuffling iteration 376: 5.37606e+12
Shuffling iteration 378: 5.37604e+12
Shuffling iteration 380: 5.37603e+12
Shuffling iteration 382: 5.37602e+12
Shuffling iteration 384: 5.37601e+12
Shuffling iteration 386: 5.37599e+12
Shuffling iteration 388: 5.37598e+12
Shuffling iteration 390: 5.37597e+12
Shuffling iteration 392: 5.37596e+12
Shuffling iteration 394: 5.37595e+12
Shuffling iteration 396: 5.37593e+12
Shuffling iteration 398: 5.37593e+12
Shuffling iteration 400: 5.37591e+12
Shuffling iteration 402: 5.3759e+12
Shuffling iteration 404: 5.37589e+12
Shuffling iteration 406: 5.37588e+12
Shuffling iteration 408: 5.37587e+12
Shuffling iteration 410: 5.37585e+12
Shuffling iteration 412: 5.37584e+12
Shuffling iteration 414: 5.37584e+12
Shuffling iteration 416: 5.37583e+12
Shuffling iteration 418: 5.37581e+12
Shuffling iteration 420: 5.37579e+12
Shuffling iteration 422: 5.37579e+12
Shuffling iteration 424: 5.37577e+12
Shuffling iteration 426: 5.37577e+12
Shuffling iteration 428: 5.37575e+12
Shuffling iteration 430: 5.37574e+12
Shuffling iteration 432: 5.37573e+12
Shuffling iteration 434: 5.37571e+12
Shuffling iteration 436: 5.37569e+12
Shuffling iteration 438: 5.37568e+12
Shuffling iteration 440: 5.37566e+12
Shuffling iteration 442: 5.37565e+12
Shuffling iteration 444: 5.37563e+12
Shuffling iteration 446: 5.37562e+12
Shuffling iteration 448: 5.3756e+12
Shuffling iteration 450: 5.37559e+12
Shuffling iteration 452: 5.37557e+12
Shuffling iteration 454: 5.37556e+12
Shuffling iteration 456: 5.37555e+12
Shuffling iteration 458: 5.37553e+12
Shuffling iteration 460: 5.37552e+12
Shuffling iteration 462: 5.37551e+12
Shuffling iteration 464: 5.3755e+12
Shuffling iteration 466: 5.37549e+12
Shuffling iteration 468: 5.37547e+12
Shuffling iteration 470: 5.37546e+12
Shuffling iteration 472: 5.37545e+12
Shuffling iteration 474: 5.37544e+12
Shuffling iteration 476: 5.37543e+12
Shuffling iteration 478: 5.37542e+12
Shuffling iteration 480: 5.3754e+12
Shuffling iteration 482: 5.37539e+12
Shuffling iteration 484: 5.37539e+12
Shuffling iteration 486: 5.37537e+12
Shuffling iteration 488: 5.37536e+12
Shuffling iteration 490: 5.37535e+12
Shuffling iteration 492: 5.37533e+12
Shuffling iteration 494: 5.37532e+12
Shuffling iteration 496: 5.3753e+12
Shuffling iteration 498: 5.3753e+12
Shuffling iteration 500: 5.37529e+12
Shuffling iteration 502: 5.37527e+12
Shuffling iteration 504: 5.37525e+12
Shuffling iteration 506: 5.37524e+12
Shuffling iteration 508: 5.37523e+12
Shuffling iteration 510: 5.37522e+12
Shuffling iteration 512: 5.37521e+12
Shuffling iteration 514: 5.3752e+12
Shuffling iteration 516: 5.37519e+12
Shuffling iteration 518: 5.37517e+12
Shuffling iteration 520: 5.37516e+12
Shuffling iteration 522: 5.37514e+12
Shuffling iteration 524: 5.37514e+12
Shuffling iteration 526: 5.37512e+12
Shuffling iteration 528: 5.37511e+12
Shuffling iteration 530: 5.37511e+12
Shuffling iteration 532: 5.3751e+12
Shuffling iteration 534: 5.37507e+12
Shuffling iteration 536: 5.37508e+12
Shuffling iteration 538: 5.37506e+12
Shuffling iteration 540: 5.37505e+12
Shuffling iteration 542: 5.37503e+12
Shuffling iteration 544: 5.37501e+12
Shuffling iteration 546: 5.37501e+12
Shuffling iteration 548: 5.37499e+12
Shuffling iteration 550: 5.37498e+12
Shuffling iteration 552: 5.37497e+12
Shuffling iteration 554: 5.37496e+12
Shuffling iteration 556: 5.37496e+12
Shuffling iteration 558: 5.37494e+12
Shuffling iteration 560: 5.37493e+12
Shuffling iteration 562: 5.37492e+12
Shuffling iteration 564: 5.37491e+12
Shuffling iteration 566: 5.37491e+12
Shuffling iteration 568: 5.37489e+12
Shuffling iteration 570: 5.37487e+12
Shuffling iteration 572: 5.37487e+12
Shuffling iteration 574: 5.37485e+12
Shuffling iteration 576: 5.37484e+12
Shuffling iteration 578: 5.37484e+12
Shuffling iteration 580: 5.37483e+12
Shuffling iteration 582: 5.37481e+12
Shuffling iteration 584: 5.37481e+12
Shuffling iteration 586: 5.3748e+12
Shuffling iteration 588: 5.37478e+12
Shuffling iteration 590: 5.37477e+12
Shuffling iteration 592: 5.37476e+12
Shuffling iteration 594: 5.37474e+12
Shuffling iteration 596: 5.37473e+12
Shuffling iteration 598: 5.37472e+12
Shuffling iteration 600: 5.37471e+12
Shuffling iteration 602: 5.3747e+12
Shuffling iteration 604: 5.37469e+12
Shuffling iteration 606: 5.37468e+12
Shuffling iteration 608: 5.37467e+12
Shuffling iteration 610: 5.37466e+12
Shuffling iteration 612: 5.37465e+12
Shuffling iteration 614: 5.37464e+12
Shuffling iteration 616: 5.37462e+12
Shuffling iteration 618: 5.37461e+12
Shuffling iteration 620: 5.3746e+12
Shuffling iteration 622: 5.37458e+12
Shuffling iteration 624: 5.37456e+12
Shuffling iteration 626: 5.37456e+12
Shuffling iteration 628: 5.37455e+12
Shuffling iteration 630: 5.37454e+12
Shuffling iteration 632: 5.37453e+12
Shuffling iteration 634: 5.37452e+12
Shuffling iteration 636: 5.3745e+12
Shuffling iteration 638: 5.37448e+12
Shuffling iteration 640: 5.37447e+12
Shuffling iteration 642: 5.37446e+12
Shuffling iteration 644: 5.37444e+12
Shuffling iteration 646: 5.37443e+12
Shuffling iteration 648: 5.37443e+12
Shuffling iteration 650: 5.37441e+12
Symbolic links created successfully.
Rows: 1043375 - Non Zero: 14014575
Rows: 1014198 - Non Zero: 14014576
Rows: 1010644 - Non Zero: 14014567
Rows: 1010426 - Non Zero: 14014566
Rows: 1010351 - Non Zero: 14014569
Rows: 1010263 - Non Zero: 14014562
Rows: 1010414 - Non Zero: 14014577
Rows: 1010351 - Non Zero: 14014566
Rows: 1010325 - Non Zero: 14014572
Rows: 1010416 - Non Zero: 14014553
Rows: 1010260 - Non Zero: 14014559
Rows: 1010346 - Non Zero: 14014564
Rows: 1010430 - Non Zero: 14014570
Rows: 1010650 - Non Zero: 14014573
Rows: 1014194 - Non Zero: 14014569
Rows: 1043357 - Non Zero: 14014298
Make csrs
Computing bitmap
Matrix size: 16240000-1010351
Section width: 126875
Drop percentage: 0.960938
Make csrs
Computing bitmap
Matrix size: 16240000-1010325
Section width: 126875
Drop percentage: 0.960938
Make csrs
Computing bitmap
Matrix size: 16240000-1010346
Section width: 126875
Drop percentage: 0.960938
Make csrs
Computing bitmap
Matrix size: 16240000-1010416
Section width: 126875
Drop percentage: 0.960938
Make csrs
Computing bitmap
Matrix size: 16240000-1010650
Section width: 126875
Drop percentage: 0.953125
Make csrs
Computing bitmap
Matrix size: 16240000-1010430
Section width: 126875
Drop percentage: 0.953125
Make csrs
Computing bitmap
Matrix size: 16240000-1010351
Section width: 126875
Drop percentage: 0.960938
Make csrs
Computing bitmap
Matrix size: 16240000-1010644
Section width: 126875
Drop percentage: 0.953125
Make csrs
Computing bitmap
Matrix size: 16240000-1014194
Section width: 126875
Drop percentage: 0.921875
Make csrs
Computing bitmap
Matrix size: 16240000-1010426
Section width: 126875
Drop percentage: 0.953125
Make csrs
Computing bitmap
Matrix size: 16240000-1043357
Section width: 126875
Drop percentage: 0.953125
Make csrs
Make csrs
Computing bitmap
Matrix size: 16240000-1043375
Section width: 126875
Drop percentage: 0.953125
Computing bitmap
Matrix size: 16240000-1010263
Section width: 126875
Drop percentage: 0.960938
Make csrs
Computing bitmap
Matrix size: 16240000-1014198
Section width: 126875
Drop percentage: 0.921875
Make csrs
Computing bitmap
Matrix size: 16240000-1010260
Section width: 126875
Drop percentage: 0.960938
Make csrs
Computing bitmap
Matrix size: 16240000-1010414
Section width: 126875
Drop percentage: 0.960938


Batch Job Summary Report (version 21.01.1) for Job "wrap" (58754313) on daint

Job information (1/2)
-----------------------------------------------------------------------------------------------------
             Submit            Eligible               Start                 End    Elapsed Time limit
------------------- ------------------- ------------------- ------------------- ---------- ----------
2024-12-07T18:52:01 2024-12-07T18:52:01 2024-12-08T03:24:33 2024-12-08T05:24:40   02:00:07   03:00:00
-----------------------------------------------------------------------------------------------------

Job information (2/2)
-------------------------------------------------------------
    Username      Account    Partition   NNodes        Energy
------------ ------------ ------------ -------- -------------
    ltagliav          g34       normal       16  12571.083 kJ

