Shuffling iteration 0: 1.363e+08
Shuffling iteration 2: 1.33501e+08
Shuffling iteration 4: 1.31493e+08
Shuffling iteration 6: 1.29661e+08
Shuffling iteration 8: 1.28444e+08
Shuffling iteration 10: 1.27047e+08
Shuffling iteration 12: 1.2588e+08
Shuffling iteration 14: 1.24837e+08
Shuffling iteration 16: 1.23949e+08
Shuffling iteration 18: 1.23014e+08
Shuffling iteration 20: 1.22117e+08
Shuffling iteration 22: 1.21243e+08
Shuffling iteration 24: 1.20611e+08
Shuffling iteration 26: 1.1998e+08
Shuffling iteration 28: 1.1953e+08
Shuffling iteration 30: 1.19097e+08
Shuffling iteration 32: 1.18663e+08
Shuffling iteration 34: 1.18374e+08
Shuffling iteration 36: 1.18083e+08
Shuffling iteration 38: 1.17544e+08
Shuffling iteration 40: 1.17149e+08
Shuffling iteration 42: 1.16763e+08
Shuffling iteration 44: 1.16335e+08
Shuffling iteration 46: 1.15938e+08
Shuffling iteration 48: 1.15543e+08
Shuffling iteration 50: 1.15024e+08
Shuffling iteration 52: 1.1468e+08
Shuffling iteration 54: 1.14353e+08
Shuffling iteration 56: 1.14065e+08
Shuffling iteration 58: 1.13702e+08
Shuffling iteration 60: 1.1324e+08
Shuffling iteration 62: 1.12872e+08
Shuffling iteration 64: 1.12489e+08
Shuffling iteration 66: 1.12012e+08
Shuffling iteration 68: 1.11644e+08
Shuffling iteration 70: 1.1132e+08
Shuffling iteration 72: 1.10908e+08
Shuffling iteration 74: 1.10634e+08
Shuffling iteration 76: 1.10332e+08
Shuffling iteration 78: 1.10062e+08
Shuffling iteration 80: 1.09744e+08
Shuffling iteration 82: 1.09495e+08
Shuffling iteration 84: 1.09241e+08
Shuffling iteration 86: 1.08989e+08
Shuffling iteration 88: 1.08774e+08
Shuffling iteration 90: 1.08547e+08
Shuffling iteration 92: 1.08307e+08
Shuffling iteration 94: 1.08031e+08
Shuffling iteration 96: 1.07888e+08
Shuffling iteration 98: 1.07615e+08
Shuffling iteration 100: 1.07515e+08
Shuffling iteration 102: 1.07404e+08
Shuffling iteration 104: 1.07236e+08
Shuffling iteration 106: 1.0712e+08
Shuffling iteration 108: 1.07001e+08
Shuffling iteration 110: 1.06926e+08
Shuffling iteration 112: 1.06673e+08
Shuffling iteration 114: 1.06518e+08
Shuffling iteration 116: 1.06329e+08
Shuffling iteration 118: 1.06134e+08
Shuffling iteration 120: 1.05895e+08
Shuffling iteration 122: 1.05711e+08
Shuffling iteration 124: 1.05512e+08
Shuffling iteration 126: 1.05396e+08
Shuffling iteration 128: 1.05243e+08
Shuffling iteration 130: 1.0496e+08
Shuffling iteration 132: 1.04734e+08
Shuffling iteration 134: 1.04512e+08
Shuffling iteration 136: 1.04198e+08
Shuffling iteration 138: 1.03999e+08
Shuffling iteration 140: 1.0375e+08
Shuffling iteration 142: 1.03606e+08
Shuffling iteration 144: 1.0346e+08
Shuffling iteration 146: 1.03223e+08
Shuffling iteration 148: 1.0292e+08
Shuffling iteration 150: 1.02779e+08
Shuffling iteration 152: 1.02506e+08
Shuffling iteration 154: 1.02232e+08
Shuffling iteration 156: 1.0211e+08
Shuffling iteration 158: 1.0185e+08
Shuffling iteration 160: 1.0175e+08
Shuffling iteration 162: 1.01614e+08
Shuffling iteration 164: 1.01429e+08
Shuffling iteration 166: 1.01356e+08
Shuffling iteration 168: 1.01143e+08
Shuffling iteration 170: 1.01106e+08
Shuffling iteration 172: 1.01087e+08
Shuffling iteration 174: 1.00909e+08
Shuffling iteration 176: 1.0077e+08
Shuffling iteration 178: 1.00684e+08
Shuffling iteration 180: 1.00545e+08
Shuffling iteration 182: 1.00409e+08
Shuffling iteration 184: 1.00316e+08
Shuffling iteration 186: 1.00095e+08
Shuffling iteration 188: 9.98181e+07
Shuffling iteration 190: 9.97708e+07
Shuffling iteration 192: 9.96247e+07
Shuffling iteration 194: 9.93826e+07
Shuffling iteration 196: 9.93102e+07
Shuffling iteration 198: 9.91252e+07
Shuffling iteration 200: 9.8941e+07
Shuffling iteration 202: 9.86736e+07
Shuffling iteration 204: 9.86561e+07
Shuffling iteration 206: 9.86322e+07
Shuffling iteration 208: 9.85487e+07
Shuffling iteration 210: 9.83396e+07
Shuffling iteration 212: 9.83031e+07
Shuffling iteration 214: 9.82142e+07
Shuffling iteration 216: 9.81246e+07
Shuffling iteration 218: 9.8074e+07
Shuffling iteration 220: 9.79837e+07
Shuffling iteration 222: 9.79559e+07
Shuffling iteration 224: 9.78925e+07
Shuffling iteration 226: 9.77644e+07
Shuffling iteration 228: 9.76389e+07
Shuffling iteration 230: 9.75586e+07
Shuffling iteration 232: 9.74806e+07
Shuffling iteration 234: 9.72253e+07
Shuffling iteration 236: 9.70985e+07
Shuffling iteration 238: 9.70057e+07
Shuffling iteration 240: 9.69987e+07
Shuffling iteration 242: 9.69499e+07
Shuffling iteration 244: 9.68169e+07
Shuffling iteration 246: 9.67449e+07
Shuffling iteration 248: 9.66749e+07
Shuffling iteration 250: 9.65646e+07
Shuffling iteration 252: 9.64872e+07
Shuffling iteration 254: 9.64141e+07
Shuffling iteration 256: 9.62936e+07
Shuffling iteration 258: 9.61999e+07
Shuffling iteration 260: 9.60114e+07
Shuffling iteration 262: 9.58384e+07
Shuffling iteration 264: 9.58147e+07
Shuffling iteration 266: 9.57178e+07
Shuffling iteration 268: 9.55855e+07
Shuffling iteration 270: 9.54017e+07
Shuffling iteration 272: 9.52358e+07
Shuffling iteration 274: 9.50187e+07
Shuffling iteration 276: 9.48358e+07
Shuffling iteration 278: 9.47421e+07
Shuffling iteration 280: 9.45834e+07
Shuffling iteration 282: 9.4432e+07
Shuffling iteration 284: 9.43134e+07
Shuffling iteration 286: 9.41428e+07
Shuffling iteration 288: 9.40496e+07
Shuffling iteration 290: 9.39266e+07
Shuffling iteration 292: 9.37549e+07
Shuffling iteration 294: 9.36792e+07
Shuffling iteration 296: 9.36379e+07
Shuffling iteration 298: 9.35987e+07
Shuffling iteration 300: 9.35976e+07
Shuffling iteration 302: 9.34898e+07
Shuffling iteration 304: 9.34156e+07
Shuffling iteration 306: 9.33567e+07
Shuffling iteration 308: 9.32447e+07
Symbolic links created successfully.
Rows: 271367 - Non Zero: 40290378
Rows: 257460 - Non Zero: 40290441
Rows: 252541 - Non Zero: 40290486
Rows: 258878 - Non Zero: 40290382
Rows: 261135 - Non Zero: 40290456
Rows: 254583 - Non Zero: 40290492
Rows: 254359 - Non Zero: 40290407
Rows: 253830 - Non Zero: 40290414
Rows: 250690 - Non Zero: 40290458
Rows: 257950 - Non Zero: 40290481
Rows: 270538 - Non Zero: 40290519
Rows: 255833 - Non Zero: 40290370
Rows: 255873 - Non Zero: 40290531
Rows: 255883 - Non Zero: 40290482
Rows: 256452 - Non Zero: 40290475
Rows: 279738 - Non Zero: 40289146
Make csrs
Computing bitmap
Matrix size: 4147110-255873
Section width: 32399
Drop percentage: 0.867188
Make csrs
Computing bitmap
Matrix size: 4147110-257460
Section width: 32399
Drop percentage: 0.789062
Make csrs
Computing bitmap
Matrix size: 4147110-252541
Section width: 32399
Drop percentage: 0.820312
Make csrs
Computing bitmap
Matrix size: 4147110-256452
Section width: 32399
Drop percentage: 0.84375
Make csrs
Computing bitmap
Matrix size: 4147110-250690
Section width: 32399
Drop percentage: 0.773438
Make csrs
Computing bitmap
Matrix size: 4147110-258878
Section width: 32399
Drop percentage: 0.8125
Make csrs
Computing bitmap
Matrix size: 4147110-271367
Section width: 32399
Drop percentage: 0.890625
Make csrs
Computing bitmap
Matrix size: 4147110-254359
Section width: 32399
Drop percentage: 0.789062
Make csrs
Computing bitmap
Matrix size: 4147110-270538
Section width: 32399
Drop percentage: 0.828125
Make csrs
Computing bitmap
Matrix size: 4147110-279738
Section width: 32399
Drop percentage: 0.882812
Make csrs
Computing bitmap
Matrix size: 4147110-261135
Section width: 32399
Drop percentage: 0.8125
Make csrs
Computing bitmap
Matrix size: 4147110-255883
Section width: 32399
Drop percentage: 0.867188
Make csrs
Make csrs
Computing bitmap
Matrix size: 4147110-257950
Section width: 32399
Drop percentage: 0.796875
Computing bitmap
Matrix size: 4147110-253830
Section width: 32399
Drop percentage: 0.742188
Make csrs
Make csrs
Computing bitmap
Matrix size: 4147110-255833
Section width: 32399
Drop percentage: 0.867188
Computing bitmap
Matrix size: 4147110-254583
Section width: 32399
Drop percentage: 0.804688
srun: Job step aborted: Waiting up to 92 seconds for job step to finish.
slurmstepd: error: *** STEP 58754320.0 ON nid00004 CANCELLED AT 2024-12-08T08:25:09 DUE TO TIME LIMIT ***
srun: got SIGCONT
srun: forcing job termination


Batch Job Summary Report (version 21.01.1) for Job "wrap" (58754320) on daint

Job information (1/2)
-----------------------------------------------------------------------------------------------------
             Submit            Eligible               Start                 End    Elapsed Time limit
------------------- ------------------- ------------------- ------------------- ---------- ----------
2024-12-07T18:52:48 2024-12-07T18:52:48 2024-12-08T05:24:50 2024-12-08T08:25:09   03:00:19   03:00:00
-----------------------------------------------------------------------------------------------------

Job information (2/2)
-------------------------------------------------------------
    Username      Account    Partition   NNodes        Energy
------------ ------------ ------------ -------- -------------
    ltagliav          g34       normal       16  19850.733 kJ

